accept
access
bind
brk
chdir
chmod
clock_getres
clock_gettime
clock_nanosleep
clock_settime
clone
close
connect
dup
dup2
dup3
epoll_create
epoll_ctl
epoll_wait
execve
exit
exit_group
fcntl
fdatasync
flock
fstat
fsync
ftruncate
futex
getcpu
getcwd
getdents
getpeername
getpid
getrlimit
getrusage
getsockname
getsockopt
gettid
gettimeofday
ioctl
kill
listen
lseek
lstat
madvise
mmap
mprotect
mremap
munmap
nanosleep
newfstatat
open
openat
pipe
poll
prctl
read
readlink
readv
recvfrom
recvmsg
rename
rt_sigaction
rt_sigprocmask
rt_sigreturn
rt_sigsuspend
sched_getparam
sched_get_priority_max
sched_get_priority_min
sched_getscheduler
sched_setaffinity
sched_setscheduler
sched_yield
sendmsg
sendto
setgid
setgroups
setitimer
setregid
setresgid
setresuid
setreuid
setrlimit
set_robust_list
setsid
setsockopt
set_tid_address
setuid
shutdown
sigaltstack
socket
stat
sync_file_range
sysinfo
tgkill
time
truncate
uname
unlink
vfork
wait4
write
writev
