accept
accept4
access
bind
brk
chdir
clock_getres
clock_gettime
clone
close
connect
dup
dup2
epoll_create
epoll_create1
epoll_ctl
epoll_wait
eventfd2
execve
exit
exit_group
fcntl
fstat
ftruncate
futex
getcwd
getdents
getegid
geteuid
getgid
getpeername
getpid
getrlimit
getrusage
getsockname
getsockopt
gettid
gettimeofday
getuid
ioctl
kill
listen
lseek
lstat
madvise
mlockall
mmap
mprotect
mremap
msync
munmap
nanosleep
newfstatat
open
openat
pipe
pipe2
poll
read
readv
recvfrom
recvmsg
rename
rt_sigaction
rt_sigprocmask
rt_sigreturn
rt_sigsuspend
sched_getparam
sched_get_priority_max
sched_get_priority_min
sched_getscheduler
sched_setaffinity
sched_setscheduler
sched_yield
select
sendmsg
sendto
setgid
setgroups
setregid
setresgid
setresuid
setreuid
setrlimit
set_robust_list
setsid
setsockopt
set_tid_address
setuid
socket
socketpair
stat
sysinfo
tgkill
time
timerfd_create
timerfd_settime
umask
uname
unlink
vfork
wait4
write
writev
