accept
accept4
access
bind
brk
capget
capset
chdir
chmod
chown
chroot
clock_getres
clock_gettime
clock_nanosleep
clock_settime
clone
close
connect
dup
dup2
epoll_create
epoll_create1
epoll_ctl
epoll_pwait
epoll_wait
eventfd
eventfd2
execve
exit
exit_group
fcntl
fstat
fsync
futex
getcwd
getdents
getegid
geteuid
getgid
getpeername
getpid
getrandom
getrlimit
getsockname
getsockopt
gettid
gettimeofday
getuid
inotify_rm_watch
ioctl
kill
link
listen
lseek
lstat
madvise
mkdir
mmap
mprotect
mremap
munmap
nanosleep
newfstatat
open
openat
pipe
pipe2
poll
prctl
read
readv
recvfrom
recvmsg
rename
rmdir
rt_sigaction
rt_sigprocmask
rt_sigreturn
rt_sigsuspend
rt_sigtimedwait
sched_getparam
sched_get_priority_max
sched_get_priority_min
sched_getscheduler
sched_setaffinity
sched_setscheduler
sched_yield
select
sendmsg
sendto
setgid
setgroups
setregid
setresgid
setresuid
setreuid
setrlimit
set_robust_list
setsid
setsockopt
set_tid_address
setuid
shmat
shmdt
shmget
shutdown
socket
stat
sysinfo
tgkill
time
truncate
uname
unlink
utimes
vfork
wait4
write
writev
